<?xml version="1.0" encoding="UTF-8"?>
<!-- Generated by org.testng.reporters.JUnitReportReporter -->
<testsuite hostname="naveen" name="com.getdept1701.api.apigetdept1701" tests="1" failures="0" timestamp="22 Jan 2019 09:34:35 GMT" time="3.633" errors="0">
  <testcase name="test" time="3.633" classname="com.getdept1701.api.apigetdept1701"/>
</testsuite> <!-- com.getdept1701.api.apigetdept1701 -->
